Removed Pin From Net: NetName=Pi5V Pin=J1-1
Removed Pin From Net: NetName=3V3Pi Pin=J1-2
Removed Pin From Net: NetName=Pi5V Pin=J1-3
Removed Pin From Net: NetName=Pi_SDA Pin=J1-4
Removed Pin From Net: NetName=GND Pin=J1-5
Removed Pin From Net: NetName=Pi_SCL Pin=J1-6
Removed Pin From Net: NetName=Pi_D4 Pin=J1-7
Removed Pin From Net: NetName=Pi_ACT Pin=J1-8
Removed Pin From Net: NetName=Pi_D5 Pin=J1-9
Removed Pin From Net: NetName=GND Pin=J1-10
Removed Pin From Net: NetName=Pi_DP Pin=J1-11
Removed Pin From Net: NetName=Pi_D7 Pin=J1-12
Removed Pin From Net: NetName=GND Pin=J1-13
Removed Pin From Net: NetName=Pi_SEL Pin=J1-14
Removed Pin From Net: NetName=PI_MSG Pin=J1-15
Removed Pin From Net: NetName=Pi_REQ Pin=J1-16
Removed Pin From Net: NetName=Pi_CD Pin=J1-17
Removed Pin From Net: NetName=3V3Pi Pin=J1-18
Removed Pin From Net: NetName=GND Pin=J1-19
Removed Pin From Net: NetName=Pi_D0 Pin=J1-20
Removed Pin From Net: NetName=Pi_IO Pin=J1-21
Removed Pin From Net: NetName=Pi_GPIO9 Pin=J1-22
Removed Pin From Net: NetName=Pi_DTD Pin=J1-23
Removed Pin From Net: NetName=Pi_D1 Pin=J1-24
Removed Pin From Net: NetName=Pi_TAD Pin=J1-25
Removed Pin From Net: NetName=GND Pin=J1-26
Removed Pin From Net: NetName=PI_GPIO1 Pin=J1-27
Removed Pin From Net: NetName=Pi_GPIO0 Pin=J1-28
Removed Pin From Net: NetName=GND Pin=J1-29
Removed Pin From Net: NetName=DBG_LED Pin=J1-30
Removed Pin From Net: NetName=Pi_D2 Pin=J1-31
Removed Pin From Net: NetName=Pi_IND Pin=J1-32
Removed Pin From Net: NetName=GND Pin=J1-33
Removed Pin From Net: NetName=Pi_D3 Pin=J1-34
Removed Pin From Net: NetName=Pi_D6 Pin=J1-35
Removed Pin From Net: NetName=Pi_ATN Pin=J1-36
Removed Pin From Net: NetName=Pi_RST Pin=J1-37
Removed Pin From Net: NetName=Pi_BSY Pin=J1-38
Removed Pin From Net: NetName=Pi_ACK Pin=J1-39
Removed Pin From Net: NetName=GND Pin=J1-40
Removed Member From Class: ClassName=Controller Mainboard Member=J1
