Removed Pin From Net: NetName=GND Pin=ATRS232-1
Removed Pin From Net: NetName=GND Pin=ATRS232-4
Removed Pin From Net: NetName=GND Pin=ATRS232-5
Removed Pin From Net: NetName=GND Pin=ATRS232-6
Removed Pin From Net: NetName=GND Pin=ATRS232-7
Removed Pin From Net: NetName=GND Pin=ATRS232-8
Removed Pin From Net: NetName=GND Pin=C43-2
Removed Pin From Net: NetName=GND Pin=C44-2
Removed Pin From Net: NetName=TX_3 Pin=U10-11
Removed Pin From Net: NetName=RX_3 Pin=U10-12
Removed Pin From Net: NetName=GND Pin=U10-15
Removed Pin From Net: NetName=+5 Pin=U10-16
Removed Pin From Net: NetName=Pi_SDA Pin=U11-1
Removed Pin From Net: NetName=3V3 Pin=U11-2
Removed Pin From Net: NetName=Pi_SCL Pin=U11-3
Removed Pin From Net: NetName=GND Pin=U11-11
Removed Pin From Net: NetName=SCL Pin=U11-18
Removed Pin From Net: NetName=+5 Pin=U11-19
Removed Pin From Net: NetName=SDA Pin=U11-20
Removed Member From Class: ClassName=Controller Mainboard Member=ATRS232
Removed Member From Class: ClassName=Controller Mainboard Member=C41
Removed Member From Class: ClassName=Controller Mainboard Member=C42
Removed Member From Class: ClassName=Controller Mainboard Member=C43
Removed Member From Class: ClassName=Controller Mainboard Member=C44
Removed Member From Class: ClassName=Controller Mainboard Member=U10
Change Component Footprint: Designator=U11 Old Footprint=SOP65P640X120-20N New Footprint=SOP50P310X90-8N
Change Component Comment : Designator=U11 Old Comment=TXS0108EPWR New Comment=TXS0102DCUR
Change component parameters: Designator = "U11" ("U11"); Footprint = "SOP65P640X120-20N"; UniqueID = "\SCUUBXOB" ("\SCUUBXOB")
Change component parameters (AddParameter): Name = "Availability"; Value = "Unavailable"; VariantName = "[No Variations]"
Change component parameters (AddParameter): Name = "MF"; Value = "{'manufacturer': u'Texas Instruments'}"; VariantName = "[No Variations]"
Change component parameters (AddParameter): Name = "MP"; Value = "TXS0102DCUR"; VariantName = "[No Variations]"
Change component parameters (AddParameter): Name = "Package"; Value = "None"; VariantName = "[No Variations]"
Change component parameters (AddParameter): Name = "Price"; Value = "None"; VariantName = "[No Variations]"
Change component parameters (AddParameter): Name = "Value"; Value = ""; VariantName = "[No Variations]"
Added Component: Designator=ACTLED(AMPHENOL_77311-118-02LF)
Add component (AddParameter): Name = "Availability"; Value = "Unavailable"; VariantName = "[No Variations]"
Add component (AddParameter): Name = "MF"; Value = "{'manufacturer': u'Amphenol ICC'}"; VariantName = "[No Variations]"
Add component (AddParameter): Name = "MP"; Value = "77311-118-02LF"; VariantName = "[No Variations]"
Add component (AddParameter): Name = "Package"; Value = "None"; VariantName = "[No Variations]"
Add component (AddParameter): Name = "Price"; Value = "None"; VariantName = "[No Variations]"
Add component (AddParameter): Name = "Value"; Value = ""; VariantName = "[No Variations]"
Added Component: Designator=C71(CAPC1608X90)
Add component (AddParameter): Name = "Availability"; Value = "Unavailable"; VariantName = "[No Variations]"
Add component (AddParameter): Name = "MF"; Value = "{'manufacturer': u'AVX'}"; VariantName = "[No Variations]"
Add component (AddParameter): Name = "MP"; Value = "LD034C222KAB2A"; VariantName = "[No Variations]"
Add component (AddParameter): Name = "Package"; Value = "None"; VariantName = "[No Variations]"
Add component (AddParameter): Name = "Price"; Value = "None"; VariantName = "[No Variations]"
Add component (AddParameter): Name = "Value"; Value = ""; VariantName = "[No Variations]"
Added Component: Designator=C72(CAPC1608X90)
Add component (AddParameter): Name = "Availability"; Value = "Unavailable"; VariantName = "[No Variations]"
Add component (AddParameter): Name = "MF"; Value = "{'manufacturer': u'AVX'}"; VariantName = "[No Variations]"
Add component (AddParameter): Name = "MP"; Value = "LD034C222KAB2A"; VariantName = "[No Variations]"
Add component (AddParameter): Name = "Package"; Value = "None"; VariantName = "[No Variations]"
Add component (AddParameter): Name = "Price"; Value = "None"; VariantName = "[No Variations]"
Add component (AddParameter): Name = "Value"; Value = ""; VariantName = "[No Variations]"
Added Component: Designator=C73(CAPC1608X90)
Add component (AddParameter): Name = "Availability"; Value = "Unavailable"; VariantName = "[No Variations]"
Add component (AddParameter): Name = "MF"; Value = "{'manufacturer': u'AVX'}"; VariantName = "[No Variations]"
Add component (AddParameter): Name = "MP"; Value = "LD034C222KAB2A"; VariantName = "[No Variations]"
Add component (AddParameter): Name = "Package"; Value = "None"; VariantName = "[No Variations]"
Add component (AddParameter): Name = "Price"; Value = "None"; VariantName = "[No Variations]"
Add component (AddParameter): Name = "Value"; Value = ""; VariantName = "[No Variations]"
Added Component: Designator=C74(CAPC1608X90)
Add component (AddParameter): Name = "Availability"; Value = "Unavailable"; VariantName = "[No Variations]"
Add component (AddParameter): Name = "MF"; Value = "{'manufacturer': u'AVX'}"; VariantName = "[No Variations]"
Add component (AddParameter): Name = "MP"; Value = "LD034C222KAB2A"; VariantName = "[No Variations]"
Add component (AddParameter): Name = "Package"; Value = "None"; VariantName = "[No Variations]"
Add component (AddParameter): Name = "Price"; Value = "None"; VariantName = "[No Variations]"
Add component (AddParameter): Name = "Value"; Value = ""; VariantName = "[No Variations]"
Added Component: Designator=D9(DIOM5127X229N)
Add component (AddParameter): Name = "Availability"; Value = "Unavailable"; VariantName = "[No Variations]"
Add component (AddParameter): Name = "MF"; Value = "{'manufacturer': u'Comchip Technology'}"; VariantName = "[No Variations]"
Add component (AddParameter): Name = "MP"; Value = "CGRA4004-G"; VariantName = "[No Variations]"
Add component (AddParameter): Name = "Package"; Value = "None"; VariantName = "[No Variations]"
Add component (AddParameter): Name = "Price"; Value = "None"; VariantName = "[No Variations]"
Add component (AddParameter): Name = "Value"; Value = ""; VariantName = "[No Variations]"
Added Component: Designator=D10(DIOC200X125X110)
Add component (AddParameter): Name = "Availability"; Value = "Unavailable"; VariantName = "[No Variations]"
Add component (AddParameter): Name = "MF"; Value = "{'manufacturer': u'Lite-On Inc.'}"; VariantName = "[No Variations]"
Add component (AddParameter): Name = "MP"; Value = "LTST-C170KGKT"; VariantName = "[No Variations]"
Add component (AddParameter): Name = "Package"; Value = "None"; VariantName = "[No Variations]"
Add component (AddParameter): Name = "Price"; Value = "None"; VariantName = "[No Variations]"
Add component (AddParameter): Name = "Value"; Value = ""; VariantName = "[No Variations]"
Added Component: Designator=D11(DIOC200X125X110)
Add component (AddParameter): Name = "Availability"; Value = "Unavailable"; VariantName = "[No Variations]"
Add component (AddParameter): Name = "MF"; Value = "{'manufacturer': u'Lite-On Inc.'}"; VariantName = "[No Variations]"
Add component (AddParameter): Name = "MP"; Value = "LTST-C170KGKT"; VariantName = "[No Variations]"
Add component (AddParameter): Name = "Package"; Value = "None"; VariantName = "[No Variations]"
Add component (AddParameter): Name = "Price"; Value = "None"; VariantName = "[No Variations]"
Add component (AddParameter): Name = "Value"; Value = ""; VariantName = "[No Variations]"
Added Component: Designator=D12(SOT23-3P96_237X112L42X44)
Add component (AddParameter): Name = "Availability"; Value = "Unavailable"; VariantName = "[No Variations]"
Add component (AddParameter): Name = "MF"; Value = "{'manufacturer': u'Micro Commercial'}"; VariantName = "[No Variations]"
Add component (AddParameter): Name = "MP"; Value = "SM712-TP"; VariantName = "[No Variations]"
Add component (AddParameter): Name = "Package"; Value = "None"; VariantName = "[No Variations]"
Add component (AddParameter): Name = "Price"; Value = "None"; VariantName = "[No Variations]"
Add component (AddParameter): Name = "Value"; Value = ""; VariantName = "[No Variations]"
Added Component: Designator=D13(SOT23-3P96_237X112L42X44)
Add component (AddParameter): Name = "Availability"; Value = "Unavailable"; VariantName = "[No Variations]"
Add component (AddParameter): Name = "MF"; Value = "{'manufacturer': u'Micro Commercial'}"; VariantName = "[No Variations]"
Add component (AddParameter): Name = "MP"; Value = "SM712-TP"; VariantName = "[No Variations]"
Add component (AddParameter): Name = "Package"; Value = "None"; VariantName = "[No Variations]"
Add component (AddParameter): Name = "Price"; Value = "None"; VariantName = "[No Variations]"
Add component (AddParameter): Name = "Value"; Value = ""; VariantName = "[No Variations]"
Added Component: Designator=F2(FUSM4632X85)
Add component (AddParameter): Name = "Availability"; Value = "Unavailable"; VariantName = "[No Variations]"
Add component (AddParameter): Name = "MF"; Value = "{'manufacturer': u'Bourns'}"; VariantName = "[No Variations]"
Add component (AddParameter): Name = "MP"; Value = "MF-MSMF050-2"; VariantName = "[No Variations]"
Add component (AddParameter): Name = "Package"; Value = "None"; VariantName = "[No Variations]"
Add component (AddParameter): Name = "Price"; Value = "None"; VariantName = "[No Variations]"
Add component (AddParameter): Name = "Value"; Value = ""; VariantName = "[No Variations]"
Added Component: Designator=PiGPIO(FRAMATOME_67997-206HLF)
Add component (AddParameter): Name = "Availability"; Value = "Unavailable"; VariantName = "[No Variations]"
Add component (AddParameter): Name = "MF"; Value = "{'manufacturer': u'Amphenol ICC'}"; VariantName = "[No Variations]"
Add component (AddParameter): Name = "MP"; Value = "67997-206HLF"; VariantName = "[No Variations]"
Add component (AddParameter): Name = "Package"; Value = "None"; VariantName = "[No Variations]"
Add component (AddParameter): Name = "Price"; Value = "None"; VariantName = "[No Variations]"
Add component (AddParameter): Name = "Value"; Value = ""; VariantName = "[No Variations]"
Added Component: Designator=PiI2C(AMPHENOL_77311-118-02LF)
Add component (AddParameter): Name = "Availability"; Value = "Unavailable"; VariantName = "[No Variations]"
Add component (AddParameter): Name = "MF"; Value = "{'manufacturer': u'Amphenol ICC'}"; VariantName = "[No Variations]"
Add component (AddParameter): Name = "MP"; Value = "77311-118-02LF"; VariantName = "[No Variations]"
Add component (AddParameter): Name = "Package"; Value = "None"; VariantName = "[No Variations]"
Add component (AddParameter): Name = "Price"; Value = "None"; VariantName = "[No Variations]"
Add component (AddParameter): Name = "Value"; Value = ""; VariantName = "[No Variations]"
Added Component: Designator=R13(RESC1608X55N)
Add component (AddParameter): Name = "Availability"; Value = "Unavailable"; VariantName = "[No Variations]"
Add component (AddParameter): Name = "MF"; Value = "{'manufacturer': u'Vishay'}"; VariantName = "[No Variations]"
Add component (AddParameter): Name = "MP"; Value = "CRCW06031M00JNEAC"; VariantName = "[No Variations]"
Add component (AddParameter): Name = "Package"; Value = "None"; VariantName = "[No Variations]"
Add component (AddParameter): Name = "Price"; Value = "None"; VariantName = "[No Variations]"
Add component (AddParameter): Name = "Value"; Value = ""; VariantName = "[No Variations]"
Added Component: Designator=R14(RESC1608X55N)
Add component (AddParameter): Name = "Availability"; Value = "Unavailable"; VariantName = "[No Variations]"
Add component (AddParameter): Name = "MF"; Value = "{'manufacturer': u'Vishay'}"; VariantName = "[No Variations]"
Add component (AddParameter): Name = "MP"; Value = "CRCW06031M00JNEAC"; VariantName = "[No Variations]"
Add component (AddParameter): Name = "Package"; Value = "None"; VariantName = "[No Variations]"
Add component (AddParameter): Name = "Price"; Value = "None"; VariantName = "[No Variations]"
Add component (AddParameter): Name = "Value"; Value = ""; VariantName = "[No Variations]"
Added Component: Designator=R15(RESC1608X55N)
Add component (AddParameter): Name = "Availability"; Value = "Unavailable"; VariantName = "[No Variations]"
Add component (AddParameter): Name = "MF"; Value = "{'manufacturer': u'Vishay'}"; VariantName = "[No Variations]"
Add component (AddParameter): Name = "MP"; Value = "CRCW06031M00JNEAC"; VariantName = "[No Variations]"
Add component (AddParameter): Name = "Package"; Value = "None"; VariantName = "[No Variations]"
Add component (AddParameter): Name = "Price"; Value = "None"; VariantName = "[No Variations]"
Add component (AddParameter): Name = "Value"; Value = ""; VariantName = "[No Variations]"
Added Component: Designator=R16(RESC1608X55N)
Add component (AddParameter): Name = "Availability"; Value = "Unavailable"; VariantName = "[No Variations]"
Add component (AddParameter): Name = "MF"; Value = "{'manufacturer': u'Vishay'}"; VariantName = "[No Variations]"
Add component (AddParameter): Name = "MP"; Value = "CRCW06031M00JNEAC"; VariantName = "[No Variations]"
Add component (AddParameter): Name = "Package"; Value = "None"; VariantName = "[No Variations]"
Add component (AddParameter): Name = "Price"; Value = "None"; VariantName = "[No Variations]"
Add component (AddParameter): Name = "Value"; Value = ""; VariantName = "[No Variations]"
Added Component: Designator=R17(RESC1608X55N)
Add component (AddParameter): Name = "Availability"; Value = "Unavailable"; VariantName = "[No Variations]"
Add component (AddParameter): Name = "MF"; Value = "{'manufacturer': u'Vishay'}"; VariantName = "[No Variations]"
Add component (AddParameter): Name = "MP"; Value = "CRCW06031M00JNEAC"; VariantName = "[No Variations]"
Add component (AddParameter): Name = "Package"; Value = "None"; VariantName = "[No Variations]"
Add component (AddParameter): Name = "Price"; Value = "None"; VariantName = "[No Variations]"
Add component (AddParameter): Name = "Value"; Value = ""; VariantName = "[No Variations]"
Added Component: Designator=R18(RESC1608X55N)
Add component (AddParameter): Name = "Availability"; Value = "Unavailable"; VariantName = "[No Variations]"
Add component (AddParameter): Name = "MF"; Value = "{'manufacturer': u'Vishay'}"; VariantName = "[No Variations]"
Add component (AddParameter): Name = "MP"; Value = "CRCW06031M00JNEAC"; VariantName = "[No Variations]"
Add component (AddParameter): Name = "Package"; Value = "None"; VariantName = "[No Variations]"
Add component (AddParameter): Name = "Price"; Value = "None"; VariantName = "[No Variations]"
Add component (AddParameter): Name = "Value"; Value = ""; VariantName = "[No Variations]"
Added Component: Designator=R19(RESC1608X55N)
Add component (AddParameter): Name = "Availability"; Value = "Unavailable"; VariantName = "[No Variations]"
Add component (AddParameter): Name = "MF"; Value = "{'manufacturer': u'Vishay'}"; VariantName = "[No Variations]"
Add component (AddParameter): Name = "MP"; Value = "CRCW06031M00JNEAC"; VariantName = "[No Variations]"
Add component (AddParameter): Name = "Package"; Value = "None"; VariantName = "[No Variations]"
Add component (AddParameter): Name = "Price"; Value = "None"; VariantName = "[No Variations]"
Add component (AddParameter): Name = "Value"; Value = ""; VariantName = "[No Variations]"
Added Component: Designator=R20(RESC1608X55N)
Add component (AddParameter): Name = "Availability"; Value = "Unavailable"; VariantName = "[No Variations]"
Add component (AddParameter): Name = "MF"; Value = "{'manufacturer': u'Vishay'}"; VariantName = "[No Variations]"
Add component (AddParameter): Name = "MP"; Value = "CRCW06031M00JNEAC"; VariantName = "[No Variations]"
Add component (AddParameter): Name = "Package"; Value = "None"; VariantName = "[No Variations]"
Add component (AddParameter): Name = "Price"; Value = "None"; VariantName = "[No Variations]"
Add component (AddParameter): Name = "Value"; Value = ""; VariantName = "[No Variations]"
Added Component: Designator=R21(RESC1608X55N)
Add component (AddParameter): Name = "Availability"; Value = "Unavailable"; VariantName = "[No Variations]"
Add component (AddParameter): Name = "MF"; Value = "{'manufacturer': u'Vishay'}"; VariantName = "[No Variations]"
Add component (AddParameter): Name = "MP"; Value = "CRCW06031M00JNEAC"; VariantName = "[No Variations]"
Add component (AddParameter): Name = "Package"; Value = "None"; VariantName = "[No Variations]"
Add component (AddParameter): Name = "Price"; Value = "None"; VariantName = "[No Variations]"
Add component (AddParameter): Name = "Value"; Value = ""; VariantName = "[No Variations]"
Added Component: Designator=R22(RESC1608X55N)
Add component (AddParameter): Name = "Availability"; Value = "Unavailable"; VariantName = "[No Variations]"
Add component (AddParameter): Name = "MF"; Value = "{'manufacturer': u'Vishay'}"; VariantName = "[No Variations]"
Add component (AddParameter): Name = "MP"; Value = "CRCW06031M00JNEAC"; VariantName = "[No Variations]"
Add component (AddParameter): Name = "Package"; Value = "None"; VariantName = "[No Variations]"
Add component (AddParameter): Name = "Price"; Value = "None"; VariantName = "[No Variations]"
Add component (AddParameter): Name = "Value"; Value = ""; VariantName = "[No Variations]"
Added Component: Designator=R23(RESC1608X55N)
Add component (AddParameter): Name = "Availability"; Value = "Unavailable"; VariantName = "[No Variations]"
Add component (AddParameter): Name = "MF"; Value = "{'manufacturer': u'Vishay'}"; VariantName = "[No Variations]"
Add component (AddParameter): Name = "MP"; Value = "CRCW06031M00JNEAC"; VariantName = "[No Variations]"
Add component (AddParameter): Name = "Package"; Value = "None"; VariantName = "[No Variations]"
Add component (AddParameter): Name = "Price"; Value = "None"; VariantName = "[No Variations]"
Add component (AddParameter): Name = "Value"; Value = ""; VariantName = "[No Variations]"
Added Component: Designator=R24(RESC1608X55N)
Add component (AddParameter): Name = "Availability"; Value = "Unavailable"; VariantName = "[No Variations]"
Add component (AddParameter): Name = "MF"; Value = "{'manufacturer': u'Vishay'}"; VariantName = "[No Variations]"
Add component (AddParameter): Name = "MP"; Value = "CRCW06031M00JNEAC"; VariantName = "[No Variations]"
Add component (AddParameter): Name = "Package"; Value = "None"; VariantName = "[No Variations]"
Add component (AddParameter): Name = "Price"; Value = "None"; VariantName = "[No Variations]"
Add component (AddParameter): Name = "Value"; Value = ""; VariantName = "[No Variations]"
Added Component: Designator=R25(RESC1608X55N)
Add component (AddParameter): Name = "Availability"; Value = "Unavailable"; VariantName = "[No Variations]"
Add component (AddParameter): Name = "MF"; Value = "{'manufacturer': u'Vishay'}"; VariantName = "[No Variations]"
Add component (AddParameter): Name = "MP"; Value = "CRCW06031M00JNEAC"; VariantName = "[No Variations]"
Add component (AddParameter): Name = "Package"; Value = "None"; VariantName = "[No Variations]"
Add component (AddParameter): Name = "Price"; Value = "None"; VariantName = "[No Variations]"
Add component (AddParameter): Name = "Value"; Value = ""; VariantName = "[No Variations]"
Added Component: Designator=R26(RESC1608X55N)
Add component (AddParameter): Name = "Availability"; Value = "Unavailable"; VariantName = "[No Variations]"
Add component (AddParameter): Name = "MF"; Value = "{'manufacturer': u'Vishay'}"; VariantName = "[No Variations]"
Add component (AddParameter): Name = "MP"; Value = "CRCW06031M00JNEAC"; VariantName = "[No Variations]"
Add component (AddParameter): Name = "Package"; Value = "None"; VariantName = "[No Variations]"
Add component (AddParameter): Name = "Price"; Value = "None"; VariantName = "[No Variations]"
Add component (AddParameter): Name = "Value"; Value = ""; VariantName = "[No Variations]"
Added Component: Designator=R27(RESC1608X55N)
Add component (AddParameter): Name = "Availability"; Value = "Unavailable"; VariantName = "[No Variations]"
Add component (AddParameter): Name = "MF"; Value = "{'manufacturer': u'Vishay'}"; VariantName = "[No Variations]"
Add component (AddParameter): Name = "MP"; Value = "CRCW06031M00JNEAC"; VariantName = "[No Variations]"
Add component (AddParameter): Name = "Package"; Value = "None"; VariantName = "[No Variations]"
Add component (AddParameter): Name = "Price"; Value = "None"; VariantName = "[No Variations]"
Add component (AddParameter): Name = "Value"; Value = ""; VariantName = "[No Variations]"
Added Component: Designator=R28(RESC1608X55N)
Add component (AddParameter): Name = "Availability"; Value = "Unavailable"; VariantName = "[No Variations]"
Add component (AddParameter): Name = "MF"; Value = "{'manufacturer': u'Vishay'}"; VariantName = "[No Variations]"
Add component (AddParameter): Name = "MP"; Value = "CRCW06031M00JNEAC"; VariantName = "[No Variations]"
Add component (AddParameter): Name = "Package"; Value = "None"; VariantName = "[No Variations]"
Add component (AddParameter): Name = "Price"; Value = "None"; VariantName = "[No Variations]"
Add component (AddParameter): Name = "Value"; Value = ""; VariantName = "[No Variations]"
Added Component: Designator=R29(RESC1608X55N)
Add component (AddParameter): Name = "Availability"; Value = "Unavailable"; VariantName = "[No Variations]"
Add component (AddParameter): Name = "MF"; Value = "{'manufacturer': u'Vishay'}"; VariantName = "[No Variations]"
Add component (AddParameter): Name = "MP"; Value = "CRCW06031M00JNEAC"; VariantName = "[No Variations]"
Add component (AddParameter): Name = "Package"; Value = "None"; VariantName = "[No Variations]"
Add component (AddParameter): Name = "Price"; Value = "None"; VariantName = "[No Variations]"
Add component (AddParameter): Name = "Value"; Value = ""; VariantName = "[No Variations]"
Added Component: Designator=R30(RESC1608X55N)
Add component (AddParameter): Name = "Availability"; Value = "Unavailable"; VariantName = "[No Variations]"
Add component (AddParameter): Name = "MF"; Value = "{'manufacturer': u'Vishay'}"; VariantName = "[No Variations]"
Add component (AddParameter): Name = "MP"; Value = "CRCW06031M00JNEAC"; VariantName = "[No Variations]"
Add component (AddParameter): Name = "Package"; Value = "None"; VariantName = "[No Variations]"
Add component (AddParameter): Name = "Price"; Value = "None"; VariantName = "[No Variations]"
Add component (AddParameter): Name = "Value"; Value = ""; VariantName = "[No Variations]"
Added Component: Designator=R31(RESC1608X55N)
Add component (AddParameter): Name = "Availability"; Value = "Unavailable"; VariantName = "[No Variations]"
Add component (AddParameter): Name = "MF"; Value = "{'manufacturer': u'Vishay'}"; VariantName = "[No Variations]"
Add component (AddParameter): Name = "MP"; Value = "CRCW06031M00JNEAC"; VariantName = "[No Variations]"
Add component (AddParameter): Name = "Package"; Value = "None"; VariantName = "[No Variations]"
Add component (AddParameter): Name = "Price"; Value = "None"; VariantName = "[No Variations]"
Add component (AddParameter): Name = "Value"; Value = ""; VariantName = "[No Variations]"
Added Component: Designator=R32(RESC1608X55N)
Add component (AddParameter): Name = "Availability"; Value = "Unavailable"; VariantName = "[No Variations]"
Add component (AddParameter): Name = "MF"; Value = "{'manufacturer': u'Vishay'}"; VariantName = "[No Variations]"
Add component (AddParameter): Name = "MP"; Value = "CRCW06031M00JNEAC"; VariantName = "[No Variations]"
Add component (AddParameter): Name = "Package"; Value = "None"; VariantName = "[No Variations]"
Add component (AddParameter): Name = "Price"; Value = "None"; VariantName = "[No Variations]"
Add component (AddParameter): Name = "Value"; Value = ""; VariantName = "[No Variations]"
Added Component: Designator=R33(RESC1608X55N)
Add component (AddParameter): Name = "Availability"; Value = "Unavailable"; VariantName = "[No Variations]"
Add component (AddParameter): Name = "MF"; Value = "{'manufacturer': u'Vishay'}"; VariantName = "[No Variations]"
Add component (AddParameter): Name = "MP"; Value = "CRCW06031M00JNEAC"; VariantName = "[No Variations]"
Add component (AddParameter): Name = "Package"; Value = "None"; VariantName = "[No Variations]"
Add component (AddParameter): Name = "Price"; Value = "None"; VariantName = "[No Variations]"
Add component (AddParameter): Name = "Value"; Value = ""; VariantName = "[No Variations]"
Added Component: Designator=R34(RESC1608X55N)
Add component (AddParameter): Name = "Availability"; Value = "Unavailable"; VariantName = "[No Variations]"
Add component (AddParameter): Name = "MF"; Value = "{'manufacturer': u'Vishay'}"; VariantName = "[No Variations]"
Add component (AddParameter): Name = "MP"; Value = "CRCW06031M00JNEAC"; VariantName = "[No Variations]"
Add component (AddParameter): Name = "Package"; Value = "None"; VariantName = "[No Variations]"
Add component (AddParameter): Name = "Price"; Value = "None"; VariantName = "[No Variations]"
Add component (AddParameter): Name = "Value"; Value = ""; VariantName = "[No Variations]"
Added Component: Designator=R35(RESC1608X55N)
Add component (AddParameter): Name = "Availability"; Value = "Unavailable"; VariantName = "[No Variations]"
Add component (AddParameter): Name = "MF"; Value = "{'manufacturer': u'Vishay'}"; VariantName = "[No Variations]"
Add component (AddParameter): Name = "MP"; Value = "CRCW06031M00JNEAC"; VariantName = "[No Variations]"
Add component (AddParameter): Name = "Package"; Value = "None"; VariantName = "[No Variations]"
Add component (AddParameter): Name = "Price"; Value = "None"; VariantName = "[No Variations]"
Add component (AddParameter): Name = "Value"; Value = ""; VariantName = "[No Variations]"
Added Component: Designator=R36(RESC1608X55N)
Add component (AddParameter): Name = "Availability"; Value = "Unavailable"; VariantName = "[No Variations]"
Add component (AddParameter): Name = "MF"; Value = "{'manufacturer': u'Vishay'}"; VariantName = "[No Variations]"
Add component (AddParameter): Name = "MP"; Value = "CRCW06031M00JNEAC"; VariantName = "[No Variations]"
Add component (AddParameter): Name = "Package"; Value = "None"; VariantName = "[No Variations]"
Add component (AddParameter): Name = "Price"; Value = "None"; VariantName = "[No Variations]"
Add component (AddParameter): Name = "Value"; Value = ""; VariantName = "[No Variations]"
Added Component: Designator=R37(RESC1608X55N)
Add component (AddParameter): Name = "Availability"; Value = "Unavailable"; VariantName = "[No Variations]"
Add component (AddParameter): Name = "MF"; Value = "{'manufacturer': u'Vishay'}"; VariantName = "[No Variations]"
Add component (AddParameter): Name = "MP"; Value = "CRCW06031M00JNEAC"; VariantName = "[No Variations]"
Add component (AddParameter): Name = "Package"; Value = "None"; VariantName = "[No Variations]"
Add component (AddParameter): Name = "Price"; Value = "None"; VariantName = "[No Variations]"
Add component (AddParameter): Name = "Value"; Value = ""; VariantName = "[No Variations]"
Added Component: Designator=R38(RESC1608X55N)
Add component (AddParameter): Name = "Availability"; Value = "Unavailable"; VariantName = "[No Variations]"
Add component (AddParameter): Name = "MF"; Value = "{'manufacturer': u'Vishay'}"; VariantName = "[No Variations]"
Add component (AddParameter): Name = "MP"; Value = "CRCW06031M00JNEAC"; VariantName = "[No Variations]"
Add component (AddParameter): Name = "Package"; Value = "None"; VariantName = "[No Variations]"
Add component (AddParameter): Name = "Price"; Value = "None"; VariantName = "[No Variations]"
Add component (AddParameter): Name = "Value"; Value = ""; VariantName = "[No Variations]"
Added Component: Designator=R40(RESC1608X55N)
Add component (AddParameter): Name = "Availability"; Value = "Unavailable"; VariantName = "[No Variations]"
Add component (AddParameter): Name = "MF"; Value = "{'manufacturer': u'Vishay'}"; VariantName = "[No Variations]"
Add component (AddParameter): Name = "MP"; Value = "CRCW06031M00JNEAC"; VariantName = "[No Variations]"
Add component (AddParameter): Name = "Package"; Value = "None"; VariantName = "[No Variations]"
Add component (AddParameter): Name = "Price"; Value = "None"; VariantName = "[No Variations]"
Add component (AddParameter): Name = "Value"; Value = ""; VariantName = "[No Variations]"
Added Component: Designator=R41(RESC1608X55N)
Add component (AddParameter): Name = "Availability"; Value = "Unavailable"; VariantName = "[No Variations]"
Add component (AddParameter): Name = "MF"; Value = "{'manufacturer': u'Vishay'}"; VariantName = "[No Variations]"
Add component (AddParameter): Name = "MP"; Value = "CRCW06031M00JNEAC"; VariantName = "[No Variations]"
Add component (AddParameter): Name = "Package"; Value = "None"; VariantName = "[No Variations]"
Add component (AddParameter): Name = "Price"; Value = "None"; VariantName = "[No Variations]"
Add component (AddParameter): Name = "Value"; Value = ""; VariantName = "[No Variations]"
Added Component: Designator=RN9(10SIP Res Array)
Added Component: Designator=RN10(10SIP Res Array)
Added Component: Designator=RN11(10SIP Res Array)
Added Component: Designator=RN12(10SIP Res Array)
Added Component: Designator=RS422 Pi(CUI_MD-80SM)
Add component (AddParameter): Name = "Availability"; Value = "Unavailable"; VariantName = "[No Variations]"
Add component (AddParameter): Name = "MF"; Value = "{'manufacturer': u'CUI Devices'}"; VariantName = "[No Variations]"
Add component (AddParameter): Name = "MP"; Value = "MD-80SM"; VariantName = "[No Variations]"
Add component (AddParameter): Name = "Package"; Value = "None"; VariantName = "[No Variations]"
Add component (AddParameter): Name = "Price"; Value = "None"; VariantName = "[No Variations]"
Add component (AddParameter): Name = "Value"; Value = ""; VariantName = "[No Variations]"
Added Component: Designator=RS422 1(CUI_MD-80SM)
Add component (AddParameter): Name = "Availability"; Value = "Unavailable"; VariantName = "[No Variations]"
Add component (AddParameter): Name = "MF"; Value = "{'manufacturer': u'CUI Devices'}"; VariantName = "[No Variations]"
Add component (AddParameter): Name = "MP"; Value = "MD-80SM"; VariantName = "[No Variations]"
Add component (AddParameter): Name = "Package"; Value = "None"; VariantName = "[No Variations]"
Add component (AddParameter): Name = "Price"; Value = "None"; VariantName = "[No Variations]"
Add component (AddParameter): Name = "Value"; Value = ""; VariantName = "[No Variations]"
Added Component: Designator=RX_AT(0603)
Add component (AddParameter): Name = "Availability"; Value = "Unavailable"; VariantName = "[No Variations]"
Add component (AddParameter): Name = "MF"; Value = "{'manufacturer': u'Broadcom Limited'}"; VariantName = "[No Variations]"
Add component (AddParameter): Name = "MP"; Value = "HSMA-C191"; VariantName = "[No Variations]"
Add component (AddParameter): Name = "Package"; Value = "None"; VariantName = "[No Variations]"
Add component (AddParameter): Name = "Price"; Value = "None"; VariantName = "[No Variations]"
Add component (AddParameter): Name = "Value"; Value = ""; VariantName = "[No Variations]"
Added Component: Designator=SCSI(10090099-S254VLF)
Add component (AddParameter): Name = "Availability"; Value = "Unavailable"; VariantName = "[No Variations]"
Add component (AddParameter): Name = "MF"; Value = "{'manufacturer': u'Amphenol ICC'}"; VariantName = "[No Variations]"
Add component (AddParameter): Name = "MP"; Value = "10090099-S254VLF"; VariantName = "[No Variations]"
Add component (AddParameter): Name = "Package"; Value = "None"; VariantName = "[No Variations]"
Add component (AddParameter): Name = "Price"; Value = "None"; VariantName = "[No Variations]"
Add component (AddParameter): Name = "Value"; Value = ""; VariantName = "[No Variations]"
Added Component: Designator=TERM_PWR(SW_219-2MSTR)
Add component (AddParameter): Name = "Availability"; Value = "Unavailable"; VariantName = "[No Variations]"
Add component (AddParameter): Name = "MF"; Value = "{'manufacturer': u'CTS CORP'}"; VariantName = "[No Variations]"
Add component (AddParameter): Name = "MP"; Value = "219-2MSTR"; VariantName = "[No Variations]"
Add component (AddParameter): Name = "Package"; Value = "None"; VariantName = "[No Variations]"
Add component (AddParameter): Name = "Price"; Value = "None"; VariantName = "[No Variations]"
Add component (AddParameter): Name = "Value"; Value = ""; VariantName = "[No Variations]"
Added Component: Designator=TX_AT(0603)
Add component (AddParameter): Name = "Availability"; Value = "Unavailable"; VariantName = "[No Variations]"
Add component (AddParameter): Name = "MF"; Value = "{'manufacturer': u'Broadcom Limited'}"; VariantName = "[No Variations]"
Add component (AddParameter): Name = "MP"; Value = "HSMA-C191"; VariantName = "[No Variations]"
Add component (AddParameter): Name = "Package"; Value = "None"; VariantName = "[No Variations]"
Add component (AddParameter): Name = "Price"; Value = "None"; VariantName = "[No Variations]"
Add component (AddParameter): Name = "Value"; Value = ""; VariantName = "[No Variations]"
Added Component: Designator=U14(SOIC127P1030X265-20N)
Add component (AddParameter): Name = "Availability"; Value = "Unavailable"; VariantName = "[No Variations]"
Add component (AddParameter): Name = "MF"; Value = "{'manufacturer': u'Texas Instruments'}"; VariantName = "[No Variations]"
Add component (AddParameter): Name = "MP"; Value = "SN74LS641-1DW"; VariantName = "[No Variations]"
Add component (AddParameter): Name = "Package"; Value = "None"; VariantName = "[No Variations]"
Add component (AddParameter): Name = "Price"; Value = "None"; VariantName = "[No Variations]"
Add component (AddParameter): Name = "Value"; Value = ""; VariantName = "[No Variations]"
Added Component: Designator=U15(SOIC127P1030X265-20N)
Add component (AddParameter): Name = "Availability"; Value = "Unavailable"; VariantName = "[No Variations]"
Add component (AddParameter): Name = "MF"; Value = "{'manufacturer': u'Texas Instruments'}"; VariantName = "[No Variations]"
Add component (AddParameter): Name = "MP"; Value = "SN74LS641-1DW"; VariantName = "[No Variations]"
Add component (AddParameter): Name = "Package"; Value = "None"; VariantName = "[No Variations]"
Add component (AddParameter): Name = "Price"; Value = "None"; VariantName = "[No Variations]"
Add component (AddParameter): Name = "Value"; Value = ""; VariantName = "[No Variations]"
Added Component: Designator=U16(SOIC127P1030X265-20N)
Add component (AddParameter): Name = "Availability"; Value = "Unavailable"; VariantName = "[No Variations]"
Add component (AddParameter): Name = "MF"; Value = "{'manufacturer': u'Texas Instruments'}"; VariantName = "[No Variations]"
Add component (AddParameter): Name = "MP"; Value = "SN74LS641-1DW"; VariantName = "[No Variations]"
Add component (AddParameter): Name = "Package"; Value = "None"; VariantName = "[No Variations]"
Add component (AddParameter): Name = "Price"; Value = "None"; VariantName = "[No Variations]"
Add component (AddParameter): Name = "Value"; Value = ""; VariantName = "[No Variations]"
Added Component: Designator=U17(SOIC127P1030X265-20N)
Add component (AddParameter): Name = "Availability"; Value = "Unavailable"; VariantName = "[No Variations]"
Add component (AddParameter): Name = "MF"; Value = "{'manufacturer': u'Texas Instruments'}"; VariantName = "[No Variations]"
Add component (AddParameter): Name = "MP"; Value = "SN74LS641-1DW"; VariantName = "[No Variations]"
Add component (AddParameter): Name = "Package"; Value = "None"; VariantName = "[No Variations]"
Add component (AddParameter): Name = "Price"; Value = "None"; VariantName = "[No Variations]"
Add component (AddParameter): Name = "Value"; Value = ""; VariantName = "[No Variations]"
Added Component: Designator=U18(SOP65P490X110-8N)
Add component (AddParameter): Name = "Availability"; Value = "Unavailable"; VariantName = "[No Variations]"
Add component (AddParameter): Name = "MF"; Value = "{'manufacturer': u'Maxim Integrated'}"; VariantName = "[No Variations]"
Add component (AddParameter): Name = "MP"; Value = "MAX490CUA"; VariantName = "[No Variations]"
Add component (AddParameter): Name = "Package"; Value = "None"; VariantName = "[No Variations]"
Add component (AddParameter): Name = "Price"; Value = "None"; VariantName = "[No Variations]"
Add component (AddParameter): Name = "Value"; Value = ""; VariantName = "[No Variations]"
Added Pin To Net: NetName=Pi_ACT Pin=ACTLED-01
Added Pin To Net: NetName=GND Pin=ACTLED-02
Added Pin To Net: NetName=+5 Pin=C7-2
Added Pin To Net: NetName=GND Pin=C20-1
Added Pin To Net: NetName=GND Pin=C21-2
Added Pin To Net: NetName=+5 Pin=C71-1
Added Pin To Net: NetName=GND Pin=C71-2
Added Pin To Net: NetName=+5 Pin=C72-1
Added Pin To Net: NetName=GND Pin=C72-2
Added Pin To Net: NetName=+5 Pin=C73-1
Added Pin To Net: NetName=GND Pin=C73-2
Added Pin To Net: NetName=+5 Pin=C74-1
Added Pin To Net: NetName=GND Pin=C74-2
Added Pin To Net: NetName=Pi5V Pin=D9-A
Added Pin To Net: NetName=GND Pin=D10-NEG
Added Pin To Net: NetName=GND Pin=D11-NEG
Added Pin To Net: NetName=GND Pin=D12-3
Added Pin To Net: NetName=GND Pin=D13-3
Added Pin To Net: NetName=GND Pin=HDMIO0-SHELL1
Added Pin To Net: NetName=GND Pin=HDMIO0-SHELL2
Added Pin To Net: NetName=GND Pin=HDMIO0-SHELL3
Added Pin To Net: NetName=GND Pin=HDMIO0-SHELL
Added Pin To Net: NetName=GND Pin=HDMIO1-SHELL1
Added Pin To Net: NetName=GND Pin=HDMIO1-SHELL2
Added Pin To Net: NetName=GND Pin=HDMIO1-SHELL3
Added Pin To Net: NetName=GND Pin=HDMIO1-SHELL
Added Pin To Net: NetName=Pi_GPIO0 Pin=PiGPIO-1
Added Pin To Net: NetName=GND Pin=PiGPIO-2
Added Pin To Net: NetName=PI_GPIO1 Pin=PiGPIO-3
Added Pin To Net: NetName=GND Pin=PiGPIO-4
Added Pin To Net: NetName=Pi_GPIO9 Pin=PiGPIO-5
Added Pin To Net: NetName=GND Pin=PiGPIO-6
Added Pin To Net: NetName=Pi_SDA Pin=PiI2C-01
Added Pin To Net: NetName=Pi_SCL Pin=PiI2C-02
Added Pin To Net: NetName=Pi_ATN Pin=R13-1
Added Pin To Net: NetName=3V3 Pin=R13-2
Added Pin To Net: NetName=Pi_ACK Pin=R14-1
Added Pin To Net: NetName=3V3 Pin=R14-2
Added Pin To Net: NetName=Pi_RST Pin=R15-1
Added Pin To Net: NetName=3V3 Pin=R15-2
Added Pin To Net: NetName=Pi_SEL Pin=R16-1
Added Pin To Net: NetName=3V3 Pin=R16-2
Added Pin To Net: NetName=Pi_BSY Pin=R17-1
Added Pin To Net: NetName=3V3 Pin=R17-2
Added Pin To Net: NetName=PI_MSG Pin=R18-1
Added Pin To Net: NetName=3V3 Pin=R18-2
Added Pin To Net: NetName=Pi_CD Pin=R19-1
Added Pin To Net: NetName=3V3 Pin=R19-2
Added Pin To Net: NetName=Pi_REQ Pin=R20-1
Added Pin To Net: NetName=3V3 Pin=R20-2
Added Pin To Net: NetName=Pi_IO Pin=R21-1
Added Pin To Net: NetName=3V3 Pin=R21-2
Added Pin To Net: NetName=Pi_D7 Pin=R22-1
Added Pin To Net: NetName=3V3 Pin=R22-2
Added Pin To Net: NetName=Pi_D6 Pin=R23-1
Added Pin To Net: NetName=3V3 Pin=R23-2
Added Pin To Net: NetName=Pi_D5 Pin=R24-1
Added Pin To Net: NetName=3V3 Pin=R24-2
Added Pin To Net: NetName=Pi_D4 Pin=R25-1
Added Pin To Net: NetName=3V3 Pin=R25-2
Added Pin To Net: NetName=Pi_D3 Pin=R26-1
Added Pin To Net: NetName=3V3 Pin=R26-2
Added Pin To Net: NetName=Pi_D2 Pin=R27-1
Added Pin To Net: NetName=3V3 Pin=R27-2
Added Pin To Net: NetName=Pi_D1 Pin=R28-1
Added Pin To Net: NetName=3V3 Pin=R28-2
Added Pin To Net: NetName=Pi_D0 Pin=R29-1
Added Pin To Net: NetName=3V3 Pin=R29-2
Added Pin To Net: NetName=Pi_DP Pin=R30-1
Added Pin To Net: NetName=3V3 Pin=R30-2
Added Pin To Net: NetName=Pi_ACT Pin=R31-2
Added Pin To Net: NetName=DBG_LED Pin=R32-2
Added Pin To Net: NetName=3V3 Pin=R33-1
Added Pin To Net: NetName=+5 Pin=R34-2
Added Pin To Net: NetName=+5 Pin=R35-2
Added Pin To Net: NetName=GND Pin=RS422 1-4
Added Pin To Net: NetName=RX_3 Pin=RX_AT-1
Added Pin To Net: NetName=GND Pin=SCSI-7
Added Pin To Net: NetName=GND Pin=SCSI-9
Added Pin To Net: NetName=GND Pin=SCSI-14
Added Pin To Net: NetName=GND Pin=SCSI-16
Added Pin To Net: NetName=GND Pin=SCSI-18
Added Pin To Net: NetName=GND Pin=SCSI-24
Added Pin To Net: NetName=GND Pin=SCSI-GND@1
Added Pin To Net: NetName=GND Pin=SCSI-GND@2
Added Pin To Net: NetName=+5 Pin=TERM_PWR-1A
Added Pin To Net: NetName=GND Pin=TERM_PWR-2A
Added Pin To Net: NetName=TX_3 Pin=TX_AT-1
Added Pin To Net: NetName=+5 Pin=U5-4
Added Pin To Net: NetName=SCL Pin=U11-1
Added Pin To Net: NetName=GND Pin=U11-2
Added Pin To Net: NetName=3V3 Pin=U11-3
Added Pin To Net: NetName=Pi_SCL Pin=U11-4
Added Pin To Net: NetName=Pi_SDA Pin=U11-5
Added Pin To Net: NetName=+5 Pin=U11-7
Added Pin To Net: NetName=SDA Pin=U11-8
Added Pin To Net: NetName=Pi_DTD Pin=U14-1
Added Pin To Net: NetName=GND Pin=U14-6
Added Pin To Net: NetName=GND Pin=U14-7
Added Pin To Net: NetName=GND Pin=U14-8
Added Pin To Net: NetName=GND Pin=U14-9
Added Pin To Net: NetName=GND Pin=U14-10
Added Pin To Net: NetName=GND Pin=U14-11
Added Pin To Net: NetName=GND Pin=U14-12
Added Pin To Net: NetName=GND Pin=U14-13
Added Pin To Net: NetName=GND Pin=U14-14
Added Pin To Net: NetName=Pi_DP Pin=U14-15
Added Pin To Net: NetName=Pi_D0 Pin=U14-16
Added Pin To Net: NetName=Pi_D1 Pin=U14-17
Added Pin To Net: NetName=Pi_D2 Pin=U14-18
Added Pin To Net: NetName=GND Pin=U14-19
Added Pin To Net: NetName=+5 Pin=U14-20
Added Pin To Net: NetName=Pi_TAD Pin=U15-1
Added Pin To Net: NetName=Pi_IO Pin=U15-2
Added Pin To Net: NetName=Pi_REQ Pin=U15-3
Added Pin To Net: NetName=Pi_CD Pin=U15-4
Added Pin To Net: NetName=PI_MSG Pin=U15-5
Added Pin To Net: NetName=Pi_BSY Pin=U15-6
Added Pin To Net: NetName=GND Pin=U15-7
Added Pin To Net: NetName=GND Pin=U15-8
Added Pin To Net: NetName=GND Pin=U15-9
Added Pin To Net: NetName=GND Pin=U15-10
Added Pin To Net: NetName=GND Pin=U15-11
Added Pin To Net: NetName=GND Pin=U15-12
Added Pin To Net: NetName=GND Pin=U15-13
Added Pin To Net: NetName=GND Pin=U15-19
Added Pin To Net: NetName=+5 Pin=U15-20
Added Pin To Net: NetName=Pi_DTD Pin=U16-1
Added Pin To Net: NetName=GND Pin=U16-7
Added Pin To Net: NetName=GND Pin=U16-8
Added Pin To Net: NetName=GND Pin=U16-9
Added Pin To Net: NetName=GND Pin=U16-10
Added Pin To Net: NetName=GND Pin=U16-11
Added Pin To Net: NetName=GND Pin=U16-12
Added Pin To Net: NetName=GND Pin=U16-13
Added Pin To Net: NetName=Pi_D3 Pin=U16-14
Added Pin To Net: NetName=Pi_D4 Pin=U16-15
Added Pin To Net: NetName=Pi_D5 Pin=U16-16
Added Pin To Net: NetName=Pi_D6 Pin=U16-17
Added Pin To Net: NetName=Pi_D7 Pin=U16-18
Added Pin To Net: NetName=GND Pin=U16-19
Added Pin To Net: NetName=+5 Pin=U16-20
Added Pin To Net: NetName=Pi_IND Pin=U17-1
Added Pin To Net: NetName=Pi_SEL Pin=U17-2
Added Pin To Net: NetName=Pi_RST Pin=U17-3
Added Pin To Net: NetName=Pi_ACK Pin=U17-4
Added Pin To Net: NetName=Pi_ATN Pin=U17-5
Added Pin To Net: NetName=GND Pin=U17-6
Added Pin To Net: NetName=GND Pin=U17-7
Added Pin To Net: NetName=GND Pin=U17-8
Added Pin To Net: NetName=GND Pin=U17-9
Added Pin To Net: NetName=GND Pin=U17-10
Added Pin To Net: NetName=GND Pin=U17-11
Added Pin To Net: NetName=GND Pin=U17-12
Added Pin To Net: NetName=GND Pin=U17-13
Added Pin To Net: NetName=GND Pin=U17-14
Added Pin To Net: NetName=GND Pin=U17-19
Added Pin To Net: NetName=+5 Pin=U17-20
Added Pin To Net: NetName=+5 Pin=U18-3
Added Pin To Net: NetName=RX_3 Pin=U18-4
Added Pin To Net: NetName=TX_3 Pin=U18-5
Added Pin To Net: NetName=GND Pin=U18-6
Change Net Name : Old Net Name=NetU13_1 New Net Name=UPi_N
Change Net Name : Old Net Name=NetU13_3 New Net Name=UPi_P
Added Pin To Net: NetName=_RXD_N Pin=R38-1
Added Pin To Net: NetName=_RXD_N Pin=U18-1
Added Net: Name=_RXD_N
Added Pin To Net: NetName=_RXD_P Pin=R37-1
Added Pin To Net: NetName=_RXD_P Pin=U18-2
Added Net: Name=_RXD_P
Added Pin To Net: NetName=_TXD_N Pin=R41-1
Added Pin To Net: NetName=_TXD_N Pin=U18-8
Added Net: Name=_TXD_N
Added Pin To Net: NetName=_TXD_P Pin=R40-1
Added Pin To Net: NetName=_TXD_P Pin=U18-7
Added Net: Name=_TXD_P
Added Pin To Net: NetName=C_ACK Pin=RN9-9
Added Pin To Net: NetName=C_ACK Pin=RN11-9
Added Pin To Net: NetName=C_ACK Pin=SCSI-5
Added Pin To Net: NetName=C_ACK Pin=U17-16
Added Net: Name=C_ACK
Added Pin To Net: NetName=C_ATN Pin=RN9-10
Added Pin To Net: NetName=C_ATN Pin=RN11-10
Added Pin To Net: NetName=C_ATN Pin=SCSI-17
Added Pin To Net: NetName=C_ATN Pin=U17-15
Added Net: Name=C_ATN
Added Pin To Net: NetName=C_BSY Pin=RN9-6
Added Pin To Net: NetName=C_BSY Pin=RN11-6
Added Pin To Net: NetName=C_BSY Pin=SCSI-6
Added Pin To Net: NetName=C_BSY Pin=U15-14
Added Net: Name=C_BSY
Added Pin To Net: NetName=C_CD Pin=RN9-4
Added Pin To Net: NetName=C_CD Pin=RN11-4
Added Pin To Net: NetName=C_CD Pin=SCSI-15
Added Pin To Net: NetName=C_CD Pin=U15-16
Added Net: Name=C_CD
Added Pin To Net: NetName=C_D0 Pin=RN10-3
Added Pin To Net: NetName=C_D0 Pin=RN12-3
Added Pin To Net: NetName=C_D0 Pin=SCSI-8
Added Pin To Net: NetName=C_D0 Pin=U14-4
Added Net: Name=C_D0
Added Pin To Net: NetName=C_D1 Pin=RN10-4
Added Pin To Net: NetName=C_D1 Pin=RN12-4
Added Pin To Net: NetName=C_D1 Pin=SCSI-21
Added Pin To Net: NetName=C_D1 Pin=U14-3
Added Net: Name=C_D1
Added Pin To Net: NetName=C_D2 Pin=RN10-5
Added Pin To Net: NetName=C_D2 Pin=RN12-5
Added Pin To Net: NetName=C_D2 Pin=SCSI-22
Added Pin To Net: NetName=C_D2 Pin=U14-2
Added Net: Name=C_D2
Added Pin To Net: NetName=C_D3 Pin=RN10-6
Added Pin To Net: NetName=C_D3 Pin=RN12-6
Added Pin To Net: NetName=C_D3 Pin=SCSI-10
Added Pin To Net: NetName=C_D3 Pin=U16-6
Added Net: Name=C_D3
Added Pin To Net: NetName=C_D4 Pin=RN10-7
Added Pin To Net: NetName=C_D4 Pin=RN12-7
Added Pin To Net: NetName=C_D4 Pin=SCSI-23
Added Pin To Net: NetName=C_D4 Pin=U16-5
Added Net: Name=C_D4
Added Pin To Net: NetName=C_D5 Pin=RN10-8
Added Pin To Net: NetName=C_D5 Pin=RN12-8
Added Pin To Net: NetName=C_D5 Pin=SCSI-11
Added Pin To Net: NetName=C_D5 Pin=U16-4
Added Net: Name=C_D5
Added Pin To Net: NetName=C_D6 Pin=RN10-9
Added Pin To Net: NetName=C_D6 Pin=RN12-9
Added Pin To Net: NetName=C_D6 Pin=SCSI-12
Added Pin To Net: NetName=C_D6 Pin=U16-3
Added Net: Name=C_D6
Added Pin To Net: NetName=C_D7 Pin=RN10-10
Added Pin To Net: NetName=C_D7 Pin=RN12-10
Added Pin To Net: NetName=C_D7 Pin=SCSI-13
Added Pin To Net: NetName=C_D7 Pin=U16-2
Added Net: Name=C_D7
Added Pin To Net: NetName=C_DP Pin=RN10-2
Added Pin To Net: NetName=C_DP Pin=RN12-2
Added Pin To Net: NetName=C_DP Pin=SCSI-20
Added Pin To Net: NetName=C_DP Pin=U14-5
Added Net: Name=C_DP
Added Pin To Net: NetName=C_IO Pin=RN9-2
Added Pin To Net: NetName=C_IO Pin=RN11-2
Added Pin To Net: NetName=C_IO Pin=SCSI-3
Added Pin To Net: NetName=C_IO Pin=U15-18
Added Net: Name=C_IO
Added Pin To Net: NetName=C_MSG Pin=RN9-5
Added Pin To Net: NetName=C_MSG Pin=RN11-5
Added Pin To Net: NetName=C_MSG Pin=SCSI-2
Added Pin To Net: NetName=C_MSG Pin=U15-15
Added Net: Name=C_MSG
Added Pin To Net: NetName=C_REQ Pin=RN9-3
Added Pin To Net: NetName=C_REQ Pin=RN11-3
Added Pin To Net: NetName=C_REQ Pin=SCSI-1
Added Pin To Net: NetName=C_REQ Pin=U15-17
Added Net: Name=C_REQ
Added Pin To Net: NetName=C_RST Pin=RN9-8
Added Pin To Net: NetName=C_RST Pin=RN11-8
Added Pin To Net: NetName=C_RST Pin=SCSI-4
Added Pin To Net: NetName=C_RST Pin=U17-17
Added Net: Name=C_RST
Added Pin To Net: NetName=C_SEL Pin=RN9-7
Added Pin To Net: NetName=C_SEL Pin=RN11-7
Added Pin To Net: NetName=C_SEL Pin=SCSI-19
Added Pin To Net: NetName=C_SEL Pin=U17-18
Added Net: Name=C_SEL
Added Pin To Net: NetName=NetD9_C Pin=D9-C
Added Pin To Net: NetName=NetD9_C Pin=F2-1
Added Net: Name=NetD9_C
Added Pin To Net: NetName=NetD10_POS Pin=D10-POS
Added Pin To Net: NetName=NetD10_POS Pin=R31-1
Added Net: Name=NetD10_POS
Added Pin To Net: NetName=NetD11_POS Pin=D11-POS
Added Pin To Net: NetName=NetD11_POS Pin=R32-1
Added Net: Name=NetD11_POS
Added Pin To Net: NetName=NetR33_2 Pin=R33-2
Added Pin To Net: NetName=NetR33_2 Pin=U11-6
Added Net: Name=NetR33_2
Added Pin To Net: NetName=NetR34_1 Pin=R34-1
Added Pin To Net: NetName=NetR34_1 Pin=TX_AT-2
Added Net: Name=NetR34_1
Added Pin To Net: NetName=NetR35_1 Pin=R35-1
Added Pin To Net: NetName=NetR35_1 Pin=RX_AT-2
Added Net: Name=NetR35_1
Added Pin To Net: NetName=RXD_N Pin=D13-2
Added Pin To Net: NetName=RXD_N Pin=R36-1
Added Pin To Net: NetName=RXD_N Pin=R38-2
Added Pin To Net: NetName=RXD_N Pin=RS422 1-3
Added Net: Name=RXD_N
Added Pin To Net: NetName=RXD_P Pin=D13-1
Added Pin To Net: NetName=RXD_P Pin=R36-2
Added Pin To Net: NetName=RXD_P Pin=R37-2
Added Pin To Net: NetName=RXD_P Pin=RS422 1-6
Added Net: Name=RXD_P
Added Pin To Net: NetName=TERM_5V Pin=RN9-1
Added Pin To Net: NetName=TERM_5V Pin=RN10-1
Added Pin To Net: NetName=TERM_5V Pin=TERM_PWR-1B
Added Net: Name=TERM_5V
Added Pin To Net: NetName=TERM_GND Pin=RN11-1
Added Pin To Net: NetName=TERM_GND Pin=RN12-1
Added Pin To Net: NetName=TERM_GND Pin=TERM_PWR-2B
Added Net: Name=TERM_GND
Added Pin To Net: NetName=TERMPWR Pin=F2-2
Added Pin To Net: NetName=TERMPWR Pin=SCSI-25
Added Net: Name=TERMPWR
Added Pin To Net: NetName=TXD_N Pin=D12-2
Added Pin To Net: NetName=TXD_N Pin=R41-2
Added Pin To Net: NetName=TXD_N Pin=RS422 1-5
Added Net: Name=TXD_N
Added Pin To Net: NetName=TXD_P Pin=D12-1
Added Pin To Net: NetName=TXD_P Pin=R40-2
Added Pin To Net: NetName=TXD_P Pin=RS422 1-8
Added Net: Name=TXD_P
Added Differential Pair: Name=_RXD
Added Differential Pair: Name=_TXD
Added Differential Pair: Name=HUBD
Added Differential Pair: Name=PORT1
Added Differential Pair: Name=PORT2
Added Differential Pair: Name=PORT3
Added Differential Pair: Name=PORT4
Added Differential Pair: Name=RXD
Added Differential Pair: Name=TXD
Added Differential Pair: Name=UPi
Added Member To Class: ClassName=Controller Mainboard Member=Component ACTLED 77311-118-02LF
Added Member To Class: ClassName=Controller Mainboard Member=Component C71 100n
Added Member To Class: ClassName=Controller Mainboard Member=Component C72 100n
Added Member To Class: ClassName=Controller Mainboard Member=Component C73 100n
Added Member To Class: ClassName=Controller Mainboard Member=Component C74 100n
Added Member To Class: ClassName=Controller Mainboard Member=Component D9 CGRA4004-G
Added Member To Class: ClassName=Controller Mainboard Member=Component D10 LTST-C170
Added Member To Class: ClassName=Controller Mainboard Member=Component D11 LTST-C170
Added Member To Class: ClassName=Controller Mainboard Member=Component D12 SM712-TP
Added Member To Class: ClassName=Controller Mainboard Member=Component D13 SM712-TP
Added Member To Class: ClassName=Controller Mainboard Member=Component F2 MF-MSMF050-2
Added Member To Class: ClassName=Controller Mainboard Member=Component PiGPIO 67997-206HLF
Added Member To Class: ClassName=Controller Mainboard Member=Component PiI2C 77311-118-02LF
Added Member To Class: ClassName=Controller Mainboard Member=Component R13 100k
Added Member To Class: ClassName=Controller Mainboard Member=Component R14 100k
Added Member To Class: ClassName=Controller Mainboard Member=Component R15 100k
Added Member To Class: ClassName=Controller Mainboard Member=Component R16 100k
Added Member To Class: ClassName=Controller Mainboard Member=Component R17 100k
Added Member To Class: ClassName=Controller Mainboard Member=Component R18 100k
Added Member To Class: ClassName=Controller Mainboard Member=Component R19 100k
Added Member To Class: ClassName=Controller Mainboard Member=Component R20 100k
Added Member To Class: ClassName=Controller Mainboard Member=Component R21 100k
Added Member To Class: ClassName=Controller Mainboard Member=Component R22 100k
Added Member To Class: ClassName=Controller Mainboard Member=Component R23 100k
Added Member To Class: ClassName=Controller Mainboard Member=Component R24 100k
Added Member To Class: ClassName=Controller Mainboard Member=Component R25 100k
Added Member To Class: ClassName=Controller Mainboard Member=Component R26 100k
Added Member To Class: ClassName=Controller Mainboard Member=Component R27 100k
Added Member To Class: ClassName=Controller Mainboard Member=Component R28 100k
Added Member To Class: ClassName=Controller Mainboard Member=Component R29 100k
Added Member To Class: ClassName=Controller Mainboard Member=Component R30 100k
Added Member To Class: ClassName=Controller Mainboard Member=Component R31 1K
Added Member To Class: ClassName=Controller Mainboard Member=Component R32 1K
Added Member To Class: ClassName=Controller Mainboard Member=Component R33 100k
Added Member To Class: ClassName=Controller Mainboard Member=Component R34 1K
Added Member To Class: ClassName=Controller Mainboard Member=Component R35 1K
Added Member To Class: ClassName=Controller Mainboard Member=Component R36 120
Added Member To Class: ClassName=Controller Mainboard Member=Component R37 10
Added Member To Class: ClassName=Controller Mainboard Member=Component R38 10
Added Member To Class: ClassName=Controller Mainboard Member=Component R40 10
Added Member To Class: ClassName=Controller Mainboard Member=Component R41 10
Added Member To Class: ClassName=Controller Mainboard Member=Component RN9 220
Added Member To Class: ClassName=Controller Mainboard Member=Component RN10 220
Added Member To Class: ClassName=Controller Mainboard Member=Component RN11 330
Added Member To Class: ClassName=Controller Mainboard Member=Component RN12 330
Added Member To Class: ClassName=Controller Mainboard Member=Component RS422 Pi MD-80SM
Added Member To Class: ClassName=Controller Mainboard Member=Component RS422 1 MD-80SM
Added Member To Class: ClassName=Controller Mainboard Member=Component RX_AT HSMA-C191
Added Member To Class: ClassName=Controller Mainboard Member=Component SCSI 10090099-S254VLF
Added Member To Class: ClassName=Controller Mainboard Member=Component TERM_PWR 219-2MSTR
Added Member To Class: ClassName=Controller Mainboard Member=Component TX_AT HSMA-C191
Added Member To Class: ClassName=Controller Mainboard Member=Component U14 SN74LS641-1DW
Added Member To Class: ClassName=Controller Mainboard Member=Component U15 SN74LS641-1DW
Added Member To Class: ClassName=Controller Mainboard Member=Component U16 SN74LS641-1DW
Added Member To Class: ClassName=Controller Mainboard Member=Component U17 SN74LS641-1DW
Added Member To Class: ClassName=Controller Mainboard Member=Component U18 MAX490CUA
